# JRE version: OpenJDK Runtime Environment (21.0.2+13) (build 21.0.2+13-58)
# Java VM: OpenJDK 64-Bit Server VM (21.0.2+13-58, mixed mode, sharing, tiered, compressed oops, compressed class ptrs, g1 gc, windows-amd64)
GC Precious Log:
 CardTable entry size: 512
 Card Set container configuration: InlinePtr #cards 5 size 8 Array Of Cards #cards 12 size 40 Howl #buckets 4 coarsen threshold 1843 Howl Bitmap #cards 512 size 80 coarsen threshold 460 Card regions per heap region 1 cards per card region 2048
 CPUs: 4 total, 4 available
 Memory: 8057M
 Large Page Support: Disabled
 NUMA Support: Disabled
 Compressed Oops: Enabled (32-bit)
 Heap Region Size: 1M
 Heap Min Capacity: 8M
 Heap Initial Capacity: 126M
 Heap Max Capacity: 2016M
 Pre-touch: Disabled
 Parallel Workers: 4
 Concurrent Workers: 1
 Concurrent Refinement Workers: 4
 Periodic GC: Disabled
Heap:
 garbage-first heap   total 111616K, used 49721K [0x0000000082000000, 0x0000000100000000)
  region size 1024K, 16 young (16384K), 6 survivors (6144K)
 Metaspace       used 94074K, committed 95040K, reserved 1179648K
  class space    used 12258K, committed 12736K, reserved 1048576K
GC Heap History (20 events):
Event: 1546.332 GC heap before
{Heap before GC invocations=40 (full 1):
 garbage-first heap   total 70656K, used 61306K [0x0000000082000000, 0x0000000100000000)
  region size 1024K, 25 young (25600K), 2 survivors (2048K)
 Metaspace       used 90290K, committed 91200K, reserved 1179648K
  class space    used 12066K, committed 12480K, reserved 1048576K
}
Event: 1546.337 GC heap after
{Heap after GC invocations=41 (full 1):
 garbage-first heap   total 70656K, used 40494K [0x0000000082000000, 0x0000000100000000)
  region size 1024K, 4 young (4096K), 4 survivors (4096K)
 Metaspace       used 90290K, committed 91200K, reserved 1179648K
  class space    used 12066K, committed 12480K, reserved 1048576K
}
Event: 1547.200 GC heap before
{Heap before GC invocations=42 (full 1):
 garbage-first heap   total 75776K, used 58926K [0x0000000082000000, 0x0000000100000000)
  region size 1024K, 22 young (22528K), 4 survivors (4096K)
 Metaspace       used 91056K, committed 91968K, reserved 1179648K
  class space    used 12101K, committed 12544K, reserved 1048576K
}
Event: 1547.217 GC heap after
{Heap after GC invocations=43 (full 1):
 garbage-first heap   total 75776K, used 41545K [0x0000000082000000, 0x0000000100000000)
  region size 1024K, 2 young (2048K), 2 survivors (2048K)
 Metaspace       used 91056K, committed 91968K, reserved 1179648K
  class space    used 12101K, committed 12544K, reserved 1048576K
}
Event: 1588.515 GC heap before
{Heap before GC invocations=43 (full 1):
 garbage-first heap   total 75776K, used 66121K [0x0000000082000000, 0x0000000100000000)
  region size 1024K, 26 young (26624K), 2 survivors (2048K)
 Metaspace       used 91123K, committed 92032K, reserved 1179648K
  class space    used 12103K, committed 12544K, reserved 1048576K
}
Event: 1588.548 GC heap after
{Heap after GC invocations=44 (full 1):
 garbage-first heap   total 75776K, used 42350K [0x0000000082000000, 0x0000000100000000)
  region size 1024K, 2 young (2048K), 2 survivors (2048K)
 Metaspace       used 91123K, committed 92032K, reserved 1179648K
  class space    used 12103K, committed 12544K, reserved 1048576K
}
Event: 1589.813 GC heap before
{Heap before GC invocations=44 (full 1):
 garbage-first heap   total 75776K, used 43374K [0x0000000082000000, 0x0000000100000000)
  region size 1024K, 4 young (4096K), 2 survivors (2048K)
 Metaspace       used 91134K, committed 92032K, reserved 1179648K
  class space    used 12104K, committed 12544K, reserved 1048576K
}
Event: 1589.930 GC heap after
{Heap after GC invocations=45 (full 2):
 garbage-first heap   total 75776K, used 33742K [0x0000000082000000, 0x0000000100000000)
  region size 1024K, 0 young (0K), 0 survivors (0K)
 Metaspace       used 91120K, committed 92032K, reserved 1179648K
  class space    used 12102K, committed 12544K, reserved 1048576K
}
Event: 1590.614 GC heap before
{Heap before GC invocations=45 (full 2):
 garbage-first heap   total 75776K, used 65486K [0x0000000082000000, 0x0000000100000000)
  region size 1024K, 32 young (32768K), 0 survivors (0K)
 Metaspace       used 91347K, committed 92224K, reserved 1179648K
  class space    used 12125K, committed 12544K, reserved 1048576K
}
Event: 1590.738 GC heap after
{Heap after GC invocations=46 (full 2):
 garbage-first heap   total 111616K, used 37133K [0x0000000082000000, 0x0000000100000000)
  region size 1024K, 4 young (4096K), 4 survivors (4096K)
 Metaspace       used 91347K, committed 92224K, reserved 1179648K
  class space    used 12125K, committed 12544K, reserved 1048576K
}
Event: 1592.933 GC heap before
{Heap before GC invocations=47 (full 2):
 garbage-first heap   total 111616K, used 92429K [0x0000000082000000, 0x0000000100000000)
  region size 1024K, 59 young (60416K), 4 survivors (4096K)
 Metaspace       used 92556K, committed 93440K, reserved 1179648K
  class space    used 12175K, committed 12608K, reserved 1048576K
}
Event: 1592.939 GC heap after
{Heap after GC invocations=48 (full 2):
 garbage-first heap   total 111616K, used 40702K [0x0000000082000000, 0x0000000100000000)
  region size 1024K, 7 young (7168K), 7 survivors (7168K)
 Metaspace       used 92556K, committed 93440K, reserved 1179648K
  class space    used 12175K, committed 12608K, reserved 1048576K
}
Event: 1771.042 GC heap before
{Heap before GC invocations=48 (full 2):
 garbage-first heap   total 111616K, used 82686K [0x0000000082000000, 0x0000000100000000)
  region size 1024K, 49 young (50176K), 7 survivors (7168K)
 Metaspace       used 92578K, committed 93568K, reserved 1179648K
  class space    used 12176K, committed 12608K, reserved 1048576K
}
Event: 1771.129 GC heap after
{Heap after GC invocations=49 (full 3):
 garbage-first heap   total 111616K, used 34342K [0x0000000082000000, 0x0000000100000000)
  region size 1024K, 0 young (0K), 0 survivors (0K)
 Metaspace       used 92562K, committed 93568K, reserved 1179648K
  class space    used 12174K, committed 12608K, reserved 1048576K
}
Event: 1813.927 GC heap before
{Heap before GC invocations=49 (full 3):
 garbage-first heap   total 111616K, used 95782K [0x0000000082000000, 0x0000000100000000)
  region size 1024K, 60 young (61440K), 0 survivors (0K)
 Metaspace       used 92760K, committed 93696K, reserved 1179648K
  class space    used 12187K, committed 12608K, reserved 1048576K
}
Event: 1813.934 GC heap after
{Heap after GC invocations=50 (full 3):
 garbage-first heap   total 111616K, used 39735K [0x0000000082000000, 0x0000000100000000)
  region size 1024K, 6 young (6144K), 6 survivors (6144K)
 Metaspace       used 92760K, committed 93696K, reserved 1179648K
  class space    used 12187K, committed 12608K, reserved 1048576K
}
Event: 1819.534 GC heap before
{Heap before GC invocations=51 (full 3):
 garbage-first heap   total 111616K, used 94007K [0x0000000082000000, 0x0000000100000000)
  region size 1024K, 60 young (61440K), 6 survivors (6144K)
 Metaspace       used 93023K, committed 94016K, reserved 1179648K
  class space    used 12208K, committed 12672K, reserved 1048576K
}
Event: 1819.538 GC heap after
{Heap after GC invocations=52 (full 3):
 garbage-first heap   total 111616K, used 38556K [0x0000000082000000, 0x0000000100000000)
  region size 1024K, 4 young (4096K), 4 survivors (4096K)
 Metaspace       used 93023K, committed 94016K, reserved 1179648K
  class space    used 12208K, committed 12672K, reserved 1048576K
}
Event: 1824.290 GC heap before
{Heap before GC invocations=52 (full 3):
 garbage-first heap   total 111616K, used 94876K [0x0000000082000000, 0x0000000100000000)
  region size 1024K, 60 young (61440K), 4 survivors (4096K)
 Metaspace       used 94068K, committed 95040K, reserved 1179648K
  class space    used 12258K, committed 12736K, reserved 1048576K
}
Event: 1824.296 GC heap after
{Heap after GC invocations=53 (full 3):
 garbage-first heap   total 111616K, used 40505K [0x0000000082000000, 0x0000000100000000)
  region size 1024K, 6 young (6144K), 6 survivors (6144K)
 Metaspace       used 94068K, committed 95040K, reserved 1179648K
  class space    used 12258K, committed 12736K, reserved 1048576K
}

