# JRE version: Java(TM) SE Runtime Environment (21.0.6+8) (build 21.0.6+8-LTS-188)
# Java VM: Java HotSpot(TM) 64-Bit Server VM (21.0.6+8-LTS-188, mixed mode, sharing, tiered, compressed oops, compressed class ptrs, g1 gc, windows-amd64)
GC Precious Log:
 CardTable entry size: 512
 Card Set container configuration: InlinePtr #cards 5 size 8 Array Of Cards #cards 12 size 40 Howl #buckets 4 coarsen threshold 1843 Howl Bitmap #cards 512 size 80 coarsen threshold 460 Card regions per heap region 1 cards per card region 2048
 CPUs: 4 total, 4 available
 Memory: 8057M
 Large Page Support: Disabled
 NUMA Support: Disabled
 Compressed Oops: Enabled (32-bit)
 Heap Region Size: 1M
 Heap Min Capacity: 8M
 Heap Initial Capacity: 126M
 Heap Max Capacity: 512M
 Pre-touch: Disabled
 Parallel Workers: 4
 Concurrent Workers: 1
 Concurrent Refinement Workers: 4
 Periodic GC: Disabled
Heap:
 garbage-first heap   total 65536K, used 44007K [0x00000000e0000000, 0x0000000100000000)
  region size 1024K, 12 young (12288K), 2 survivors (2048K)
 Metaspace       used 76148K, committed 76800K, reserved 1179648K
  class space    used 10498K, committed 10816K, reserved 1048576K
GC Heap History (20 events):
Event: 10.528 GC heap before
{Heap before GC invocations=11 (full 0):
 garbage-first heap   total 51200K, used 43231K [0x00000000e0000000, 0x0000000100000000)
  region size 1024K, 23 young (23552K), 3 survivors (3072K)
 Metaspace       used 49109K, committed 49664K, reserved 1114112K
  class space    used 6465K, committed 6720K, reserved 1048576K
}
Event: 10.533 GC heap after
{Heap after GC invocations=12 (full 0):
 garbage-first heap   total 51200K, used 24407K [0x00000000e0000000, 0x0000000100000000)
  region size 1024K, 3 young (3072K), 3 survivors (3072K)
 Metaspace       used 49109K, committed 49664K, reserved 1114112K
  class space    used 6465K, committed 6720K, reserved 1048576K
}
Event: 11.222 GC heap before
{Heap before GC invocations=12 (full 0):
 garbage-first heap   total 51200K, used 42839K [0x00000000e0000000, 0x0000000100000000)
  region size 1024K, 22 young (22528K), 3 survivors (3072K)
 Metaspace       used 53883K, committed 54464K, reserved 1114112K
  class space    used 7042K, committed 7296K, reserved 1048576K
}
Event: 11.226 GC heap after
{Heap after GC invocations=13 (full 0):
 garbage-first heap   total 51200K, used 25875K [0x00000000e0000000, 0x0000000100000000)
  region size 1024K, 2 young (2048K), 2 survivors (2048K)
 Metaspace       used 53883K, committed 54464K, reserved 1114112K
  class space    used 7042K, committed 7296K, reserved 1048576K
}
Event: 11.678 GC heap before
{Heap before GC invocations=13 (full 0):
 garbage-first heap   total 51200K, used 44307K [0x00000000e0000000, 0x0000000100000000)
  region size 1024K, 20 young (20480K), 2 survivors (2048K)
 Metaspace       used 59062K, committed 59712K, reserved 1114112K
  class space    used 7917K, committed 8192K, reserved 1048576K
}
Event: 11.681 GC heap after
{Heap after GC invocations=14 (full 0):
 garbage-first heap   total 51200K, used 26488K [0x00000000e0000000, 0x0000000100000000)
  region size 1024K, 2 young (2048K), 2 survivors (2048K)
 Metaspace       used 59062K, committed 59712K, reserved 1114112K
  class space    used 7917K, committed 8192K, reserved 1048576K
}
Event: 13.322 GC heap before
{Heap before GC invocations=15 (full 0):
 garbage-first heap   total 51200K, used 45944K [0x00000000e0000000, 0x0000000100000000)
  region size 1024K, 21 young (21504K), 2 survivors (2048K)
 Metaspace       used 63073K, committed 63680K, reserved 1114112K
  class space    used 8485K, committed 8768K, reserved 1048576K
}
Event: 13.325 GC heap after
{Heap after GC invocations=16 (full 0):
 garbage-first heap   total 51200K, used 27657K [0x00000000e0000000, 0x0000000100000000)
  region size 1024K, 2 young (2048K), 2 survivors (2048K)
 Metaspace       used 63073K, committed 63680K, reserved 1114112K
  class space    used 8485K, committed 8768K, reserved 1048576K
}
Event: 15.294 GC heap before
{Heap before GC invocations=16 (full 0):
 garbage-first heap   total 51200K, used 45065K [0x00000000e0000000, 0x0000000100000000)
  region size 1024K, 19 young (19456K), 2 survivors (2048K)
 Metaspace       used 66661K, committed 67328K, reserved 1114112K
  class space    used 8974K, committed 9280K, reserved 1048576K
}
Event: 15.299 GC heap after
{Heap after GC invocations=17 (full 0):
 garbage-first heap   total 51200K, used 29125K [0x00000000e0000000, 0x0000000100000000)
  region size 1024K, 3 young (3072K), 3 survivors (3072K)
 Metaspace       used 66661K, committed 67328K, reserved 1114112K
  class space    used 8974K, committed 9280K, reserved 1048576K
}
Event: 15.693 GC heap before
{Heap before GC invocations=17 (full 0):
 garbage-first heap   total 51200K, used 44485K [0x00000000e0000000, 0x0000000100000000)
  region size 1024K, 18 young (18432K), 3 survivors (3072K)
 Metaspace       used 68550K, committed 69248K, reserved 1114112K
  class space    used 9361K, committed 9664K, reserved 1048576K
}
Event: 15.697 GC heap after
{Heap after GC invocations=18 (full 0):
 garbage-first heap   total 51200K, used 30037K [0x00000000e0000000, 0x0000000100000000)
  region size 1024K, 3 young (3072K), 3 survivors (3072K)
 Metaspace       used 68550K, committed 69248K, reserved 1114112K
  class space    used 9361K, committed 9664K, reserved 1048576K
}
Event: 17.280 GC heap before
{Heap before GC invocations=19 (full 0):
 garbage-first heap   total 60416K, used 43349K [0x00000000e0000000, 0x0000000100000000)
  region size 1024K, 16 young (16384K), 3 survivors (3072K)
 Metaspace       used 70218K, committed 70848K, reserved 1114112K
  class space    used 9742K, committed 9984K, reserved 1048576K
}
Event: 17.284 GC heap after
{Heap after GC invocations=20 (full 0):
 garbage-first heap   total 60416K, used 31992K [0x00000000e0000000, 0x0000000100000000)
  region size 1024K, 2 young (2048K), 2 survivors (2048K)
 Metaspace       used 70218K, committed 70848K, reserved 1114112K
  class space    used 9742K, committed 9984K, reserved 1048576K
}
Event: 17.473 GC heap before
{Heap before GC invocations=20 (full 0):
 garbage-first heap   total 60416K, used 52472K [0x00000000e0000000, 0x0000000100000000)
  region size 1024K, 23 young (23552K), 2 survivors (2048K)
 Metaspace       used 71032K, committed 71680K, reserved 1114112K
  class space    used 9863K, committed 10112K, reserved 1048576K
}
Event: 17.478 GC heap after
{Heap after GC invocations=21 (full 0):
 garbage-first heap   total 60416K, used 33268K [0x00000000e0000000, 0x0000000100000000)
  region size 1024K, 3 young (3072K), 3 survivors (3072K)
 Metaspace       used 71032K, committed 71680K, reserved 1114112K
  class space    used 9863K, committed 10112K, reserved 1048576K
}
Event: 17.852 GC heap before
{Heap before GC invocations=21 (full 0):
 garbage-first heap   total 60416K, used 52724K [0x00000000e0000000, 0x0000000100000000)
  region size 1024K, 22 young (22528K), 3 survivors (3072K)
 Metaspace       used 72171K, committed 72832K, reserved 1114112K
  class space    used 9981K, committed 10304K, reserved 1048576K
}
Event: 17.856 GC heap after
{Heap after GC invocations=22 (full 0):
 garbage-first heap   total 60416K, used 34498K [0x00000000e0000000, 0x0000000100000000)
  region size 1024K, 3 young (3072K), 3 survivors (3072K)
 Metaspace       used 72171K, committed 72832K, reserved 1114112K
  class space    used 9981K, committed 10304K, reserved 1048576K
}
Event: 20.012 GC heap before
{Heap before GC invocations=23 (full 0):
 garbage-first heap   total 65536K, used 52930K [0x00000000e0000000, 0x0000000100000000)
  region size 1024K, 21 young (21504K), 3 survivors (3072K)
 Metaspace       used 74956K, committed 75648K, reserved 1114112K
  class space    used 10326K, committed 10624K, reserved 1048576K
}
Event: 20.016 GC heap after
{Heap after GC invocations=24 (full 0):
 garbage-first heap   total 65536K, used 34791K [0x00000000e0000000, 0x0000000100000000)
  region size 1024K, 2 young (2048K), 2 survivors (2048K)
 Metaspace       used 74956K, committed 75648K, reserved 1114112K
  class space    used 10326K, committed 10624K, reserved 1048576K
}

